<?xml version="1.0" encoding="UTF-8"?>
<!-- Generated by org.testng.reporters.JUnitReportReporter -->
<testsuite hostname="LAPTOP-C33PCFBA" failures="0" tests="1" name="testcases.TC__1__ActitimeLogin" time="10.599" errors="0" timestamp="2023-10-16T19:24:54 IST" skipped="0">
  <testcase classname="testcases.TC__1__ActitimeLogin" name="login" time="10.599"/>
  <system-out/>
</testsuite> <!-- testcases.TC__1__ActitimeLogin -->
